F:\COCOS2D-2.1RC0-X-2.1.3\DEBUG.WIN32\ONETOUCHDRAWING.WIN32.EXE
F:\cocos2d-2.1rc0-x-2.1.3\Debug.win32\OneTouchDrawing.win32.exp
F:\COCOS2D-2.1RC0-X-2.1.3\DEBUG.WIN32\ONETOUCHDRAWING.WIN32.ILK
F:\cocos2d-2.1rc0-x-2.1.3\Debug.win32\OneTouchDrawing.win32.lib
F:\COCOS2D-2.1RC0-X-2.1.3\DEBUG.WIN32\ONETOUCHDRAWING.WIN32.PDB
F:\COCOS2D-XPROJECTS\ONETOUCHDRAWING\PROJ.WIN32\DEBUG.WIN32\APPDELEGATE.OBJ
F:\cocos2d-xProjects\OneTouchDrawing\proj.win32\Debug.win32\cl.command.1.tlog
F:\cocos2d-xProjects\OneTouchDrawing\proj.win32\Debug.win32\CL.read.1.tlog
F:\cocos2d-xProjects\OneTouchDrawing\proj.win32\Debug.win32\CL.write.1.tlog
F:\COCOS2D-XPROJECTS\ONETOUCHDRAWING\PROJ.WIN32\DEBUG.WIN32\GAMESCENE.OBJ
F:\COCOS2D-XPROJECTS\ONETOUCHDRAWING\PROJ.WIN32\DEBUG.WIN32\HXMLPARSE.OBJ
F:\cocos2d-xProjects\OneTouchDrawing\proj.win32\Debug.win32\link.3444.read.1.tlog
F:\cocos2d-xProjects\OneTouchDrawing\proj.win32\Debug.win32\link.3444.write.1.tlog
F:\cocos2d-xProjects\OneTouchDrawing\proj.win32\Debug.win32\link.3444-cvtres.read.1.tlog
F:\cocos2d-xProjects\OneTouchDrawing\proj.win32\Debug.win32\link.3444-cvtres.write.1.tlog
F:\cocos2d-xProjects\OneTouchDrawing\proj.win32\Debug.win32\link.command.1.tlog
F:\cocos2d-xProjects\OneTouchDrawing\proj.win32\Debug.win32\link.read.1.tlog
F:\cocos2d-xProjects\OneTouchDrawing\proj.win32\Debug.win32\link.write.1.tlog
F:\cocos2d-xProjects\OneTouchDrawing\proj.win32\Debug.win32\link-cvtres.read.1.tlog
F:\cocos2d-xProjects\OneTouchDrawing\proj.win32\Debug.win32\link-cvtres.write.1.tlog
F:\COCOS2D-XPROJECTS\ONETOUCHDRAWING\PROJ.WIN32\DEBUG.WIN32\MAIN.OBJ
F:\cocos2d-xProjects\OneTouchDrawing\proj.win32\Debug.win32\mt.command.1.tlog
F:\cocos2d-xProjects\OneTouchDrawing\proj.win32\Debug.win32\mt.read.1.tlog
F:\cocos2d-xProjects\OneTouchDrawing\proj.win32\Debug.win32\mt.write.1.tlog
F:\COCOS2D-XPROJECTS\ONETOUCHDRAWING\PROJ.WIN32\DEBUG.WIN32\ONETOUCHDRAWING.RES
F:\COCOS2D-XPROJECTS\ONETOUCHDRAWING\PROJ.WIN32\DEBUG.WIN32\ONETOUCHDRAWING.WIN32.EXE.EMBED.MANIFEST
F:\COCOS2D-XPROJECTS\ONETOUCHDRAWING\PROJ.WIN32\DEBUG.WIN32\ONETOUCHDRAWING.WIN32.EXE.EMBED.MANIFEST.RES
F:\COCOS2D-XPROJECTS\ONETOUCHDRAWING\PROJ.WIN32\DEBUG.WIN32\ONETOUCHDRAWING.WIN32.EXE.INTERMEDIATE.MANIFEST
F:\cocos2d-xProjects\OneTouchDrawing\proj.win32\Debug.win32\OneTouchDrawing.win32.write.1.tlog
F:\cocos2d-xProjects\OneTouchDrawing\proj.win32\Debug.win32\OneTouchDrawing.win32_manifest.rc
F:\cocos2d-xProjects\OneTouchDrawing\proj.win32\Debug.win32\rc.command.1.tlog
F:\cocos2d-xProjects\OneTouchDrawing\proj.win32\Debug.win32\rc.read.1.tlog
F:\cocos2d-xProjects\OneTouchDrawing\proj.win32\Debug.win32\rc.write.1.tlog
F:\cocos2d-xProjects\OneTouchDrawing\proj.win32\Debug.win32\vc100.idb
F:\COCOS2D-XPROJECTS\ONETOUCHDRAWING\PROJ.WIN32\DEBUG.WIN32\VC100.PDB
