生成启动时间为 2013-8-19 16:52:59。
     1>项目“F:\cocos2d-xProjects\OneTouchDrawing\proj.win32\OneTouchDrawing.win32.vcxproj”在节点 2 上(build 个目标)。
     1>InitializeBuildStatus:
         正在对“Debug.win32\OneTouchDrawing.win32.unsuccessfulbuild”执行 Touch 任务。
       ClCompile:
         E:\Microsoft Visual Studio 10.0\VC\bin\CL.exe /c /I. /I..\Classes /I"F:\cocos2d-2.1rc0-x-2.1.3\cocos2dx" /I"F:\cocos2d-2.1rc0-x-2.1.3\cocos2dx\include" /I"F:\cocos2d-2.1rc0-x-2.1.3\cocos2dx\kazmath\include" /I"F:\cocos2d-2.1rc0-x-2.1.3\cocos2dx\platform\win32" /I"F:\cocos2d-2.1rc0-x-2.1.3\cocos2dx\platform\third_party\win32" /I"F:\cocos2d-2.1rc0-x-2.1.3\cocos2dx\platform\third_party\win32\OGLES" /I"F:\cocos2d-2.1rc0-x-2.1.3\CocosDenshion\include" /I"F:\cocos2d-2.1rc0-x-2.1.3\extensions" /ZI /nologo /W3 /WX- /Od /Oy- /D WIN32 /D _WINDOWS /D STRICT /D _CRT_SECURE_NO_WARNINGS /D _SCL_SECURE_NO_WARNINGS_DEBUG /D COCOS2D_DEBUG=1 /D _UNICODE /D UNICODE /Gm /EHsc /RTC1 /MDd /GS /fp:precise /Zc:wchar_t /Zc:forScope /Fo"Debug.win32\\" /Fd"Debug.win32\vc100.pdb" /Gd /TP /wd4267 /wd4251 /wd4244 /analyze- /errorReport:prompt ..\Classes\GameScene.cpp
         GameScene.cpp
     1>f:\cocos2d-xprojects\onetouchdrawing\classes\gamescene.cpp(179): warning C4018: “<”: 有符号/无符号不匹配
       ResourceCompile:
         所有输出均为最新。
       ManifestResourceCompile:
         所有输出均为最新。
       Link:
         E:\Microsoft Visual Studio 10.0\VC\bin\link.exe /ERRORREPORT:PROMPT /OUT:"F:\cocos2d-2.1rc0-x-2.1.3\Debug.win32\OneTouchDrawing.win32.exe" /INCREMENTAL /NOLOGO /LIBPATH:"F:\cocos2d-2.1rc0-x-2.1.3\Debug.win32\\" libcocos2d.lib opengl32.lib glew32.lib libCocosDenshion.lib libExtensions.lib kernel32.lib user32.lib gdi32.lib winspool.lib comdlg32.lib advapi32.lib shell32.lib ole32.lib oleaut32.lib uuid.lib odbc32.lib odbccp32.lib /MANIFEST /ManifestFile:"Debug.win32\OneTouchDrawing.win32.exe.intermediate.manifest" /MANIFESTUAC:"level='asInvoker' uiAccess='false'" /DEBUG /PDB:"F:\cocos2d-2.1rc0-x-2.1.3\Debug.win32\OneTouchDrawing.win32.pdb" /SUBSYSTEM:WINDOWS /TLBID:1 /DYNAMICBASE /NXCOMPAT /IMPLIB:"F:\cocos2d-2.1rc0-x-2.1.3\Debug.win32\OneTouchDrawing.win32.lib" /MACHINE:X86 Debug.win32\OneTouchDrawing.res
         Debug.win32\OneTouchDrawing.win32.exe.embed.manifest.res
         Debug.win32\AppDelegate.obj
         Debug.win32\GameScene.obj
         Debug.win32\GraphHandle.obj
         Debug.win32\HXmlParse.obj
         Debug.win32\LineDraw.obj
         Debug.win32\LinePath.obj
         Debug.win32\LsTouch.obj
         Debug.win32\MainScene.obj
         Debug.win32\SelectLevel.obj
         Debug.win32\main.obj
       Manifest:
         C:\Program Files\Microsoft SDKs\Windows\v7.0A\bin\mt.exe /nologo /verbose /out:"Debug.win32\OneTouchDrawing.win32.exe.embed.manifest" /manifest Debug.win32\OneTouchDrawing.win32.exe.intermediate.manifest
         所有输出均为最新。
       LinkEmbedManifest:
         所有输出均为最新。
         OneTouchDrawing.win32.vcxproj -> F:\cocos2d-2.1rc0-x-2.1.3\Debug.win32\OneTouchDrawing.win32.exe
       FinalizeBuildStatus:
         正在删除文件“Debug.win32\OneTouchDrawing.win32.unsuccessfulbuild”。
         正在对“Debug.win32\OneTouchDrawing.win32.lastbuildstate”执行 Touch 任务。
     1>已完成生成项目“F:\cocos2d-xProjects\OneTouchDrawing\proj.win32\OneTouchDrawing.win32.vcxproj”(build 个目标)的操作。

生成成功。

已用时间 00:00:10
